Flutter crash report.
Please report a bug at https://github.com/flutter/flutter/issues.

## command

flutter --no-color pub get

## exception

PathNotFoundException: PathNotFoundException: Deletion failed, path = 'C:\Users\81509\StudioProjects\TermPlux-App\.android' (OS Error: 系统找不到指定的路径。
, errno = 3)

```
#0      _Directory._deleteSync (dart:io/directory_impl.dart:193:7)
#1      FileSystemEntity.deleteSync (dart:io/file_system_entity.dart:424:7)
#2      ForwardingFileSystemEntity.deleteSync (package:file/src/forwarding/forwarding_file_system_entity.dart:70:16)
#3      ErrorHandlingDirectory.deleteSync.<anonymous closure> (package:flutter_tools/src/base/error_handling_io.dart:481:22)
#4      _runSync (package:flutter_tools/src/base/error_handling_io.dart:590:14)
#5      ErrorHandlingDirectory.deleteSync (package:flutter_tools/src/base/error_handling_io.dart:480:12)
#6      ErrorHandlingFileSystem.deleteIfExists (package:flutter_tools/src/base/error_handling_io.dart:80:12)
#7      AndroidProject._regenerateLibrary (package:flutter_tools/src/project.dart:666:29)
#8      AndroidProject.ensureReadyForPlatformSpecificTooling (package:flutter_tools/src/project.dart:641:13)
#9      FlutterProject.ensureReadyForPlatformSpecificTooling (package:flutter_tools/src/project.dart:357:21)
<asynchronous suspension>
#10     PackagesGetCommand.runCommand (package:flutter_tools/src/commands/packages.dart:326:7)
<asynchronous suspension>
#11     FlutterCommand.run.<anonymous closure> (package:flutter_tools/src/runner/flutter_command.dart:1336:27)
<asynchronous suspension>
#12     AppContext.run.<anonymous closure> (package:flutter_tools/src/base/context.dart:150:19)
<asynchronous suspension>
#13     CommandRunner.runCommand (package:args/command_runner.dart:212:13)
<asynchronous suspension>
#14     FlutterCommandRunner.runCommand.<anonymous closure> (package:flutter_tools/src/runner/flutter_command_runner.dart:296:9)
<asynchronous suspension>
#15     AppContext.run.<anonymous closure> (package:flutter_tools/src/base/context.dart:150:19)
<asynchronous suspension>
#16     FlutterCommandRunner.runCommand (package:flutter_tools/src/runner/flutter_command_runner.dart:244:5)
<asynchronous suspension>
#17     run.<anonymous closure>.<anonymous closure> (package:flutter_tools/runner.dart:91:9)
<asynchronous suspension>
#18     AppContext.run.<anonymous closure> (package:flutter_tools/src/base/context.dart:150:19)
<asynchronous suspension>
#19     main (package:flutter_tools/executable.dart:91:3)
<asynchronous suspension>
```

## flutter doctor

```
[✓] Flutter (Channel stable, 3.10.6, on Microsoft Windows [版本 10.0.22621.1848], locale zh-CN)
    • Flutter version 3.10.6 on channel stable at C:\Users\81509\AppData\Local\Flutter\flutter
    • Upstream repository https://github.com/flutter/flutter.git
    • Framework revision f468f3366c (10 days ago), 2023-07-12 15:19:05 -0700
    • Engine revision cdbeda788a
    • Dart version 3.0.6
    • DevTools version 2.23.1

[✓] Windows Version (Installed version of Windows is version 10 or higher)

[✓] Android toolchain - develop for Android devices (Android SDK version 33.0.2)
    • Android SDK at C:\Users\81509\AppData\Local\Android\sdk
    • Platform android-33-ext5, build-tools 33.0.2
    • Java binary at: C:\Users\81509\AppData\Local\JetBrains\Toolbox\apps\AndroidStudio\ch-0\223.8836.35.2231.10320515\jbr\bin\java
    • Java version OpenJDK Runtime Environment (build 17.0.6+0-b2043.56-10027231)
    • All Android licenses accepted.

[✓] Chrome - develop for the web
    • Chrome at C:\Program Files\Google\Chrome\Application\chrome.exe

[✓] Visual Studio - develop for Windows (Visual Studio Community 2022 17.4.4)
    • Visual Studio at C:\Program Files\Microsoft Visual Studio\2022\Community
    • Visual Studio Community 2022 version 17.4.33213.308
    • Windows 10 SDK version 10.0.22000.0

[✓] Android Studio (version 2022.2)
    • Android Studio at C:\Users\81509\AppData\Local\JetBrains\Toolbox\apps\AndroidStudio\ch-1\222.4459.24.2221.10121639
    • Flutter plugin version 74.0.2
    • Dart plugin version 222.4582
    • Java version OpenJDK Runtime Environment (build 17.0.6+0-b2043.56-9586694)

[✓] Android Studio (version 2022.3)
    • Android Studio at C:\Users\81509\AppData\Local\JetBrains\Toolbox\apps\AndroidStudio\ch-0\223.8836.35.2231.10320515
    • Flutter plugin version 74.0.3
    • Dart plugin version 223.8950
    • Java version OpenJDK Runtime Environment (build 17.0.6+0-b2043.56-10027231)

[✓] IntelliJ IDEA Community Edition (version 2023.1)
    • IntelliJ at C:\Users\81509\AppData\Local\JetBrains\Toolbox\apps\IDEA-C\ch-0\231.9225.16
    • Flutter plugin version 74.0.4
    • Dart plugin version 231.9161.14

[✓] VS Code, 64-bit edition (version 1.79.2)
    • VS Code at C:\Program Files\Microsoft VS Code
    • Flutter extension version 3.68.0

[✓] Connected device (3 available)
    • Windows (desktop) • windows • windows-x64    • Microsoft Windows [版本 10.0.22621.1848]
    • Chrome (web)      • chrome  • web-javascript • Google Chrome 114.0.5735.199
    • Edge (web)        • edge    • web-javascript • Microsoft Edge 114.0.1823.82

[✓] Network resources
    • All expected network resources are available.

• No issues found!
```
